C:\Users\Edgar\Projects\Test projects\buildtools\src\xunit.netcore.extensions\Attributes\ActiveIssueAttribute.cs(4,7): error CS0246: The type or namespace name 'System' could not be found (are you missing a using directive or an assembly reference?)
C:\Users\Edgar\Projects\Test projects\buildtools\src\xunit.netcore.extensions\Attributes\ActiveIssueAttribute.cs(5,13): error CS0234: The type or namespace name 'Sdk' does not exist in the namespace 'Xunit' (are you missing an assembly reference?)
C:\Users\Edgar\Projects\Test projects\buildtools\src\xunit.netcore.extensions\Attributes\PlatformSpecificAttribute.cs(4,7): error CS0246: The type or namespace name 'System' could not be found (are you missing a using directive or an assembly reference?)
C:\Users\Edgar\Projects\Test projects\buildtools\src\xunit.netcore.extensions\Attributes\PlatformSpecificAttribute.cs(5,13): error CS0234: The type or namespace name 'Sdk' does not exist in the namespace 'Xunit' (are you missing an assembly reference?)
C:\Users\Edgar\Projects\Test projects\buildtools\src\xunit.netcore.extensions\Discoverers\ActiveIssueDiscoverer.cs(4,7): error CS0246: The type or namespace name 'System' could not be found (are you missing a using directive or an assembly reference?)
C:\Users\Edgar\Projects\Test projects\buildtools\src\xunit.netcore.extensions\Discoverers\ActiveIssueDiscoverer.cs(5,7): error CS0246: The type or namespace name 'System' could not be found (are you missing a using directive or an assembly reference?)
C:\Users\Edgar\Projects\Test projects\buildtools\src\xunit.netcore.extensions\Discoverers\ActiveIssueDiscoverer.cs(6,7): error CS0246: The type or namespace name 'System' could not be found (are you missing a using directive or an assembly reference?)
C:\Users\Edgar\Projects\Test projects\buildtools\src\xunit.netcore.extensions\Discoverers\ActiveIssueDiscoverer.cs(7,7): error CS0246: The type or namespace name 'System' could not be found (are you missing a using directive or an assembly reference?)
C:\Users\Edgar\Projects\Test projects\buildtools\src\xunit.netcore.extensions\Discoverers\ActiveIssueDiscoverer.cs(8,13): error CS0234: The type or namespace name 'Abstractions' does not exist in the namespace 'Xunit' (are you missing an assembly reference?)
C:\Users\Edgar\Projects\Test projects\buildtools\src\xunit.netcore.extensions\Discoverers\ActiveIssueDiscoverer.cs(9,13): error CS0234: The type or namespace name 'Sdk' does not exist in the namespace 'Xunit' (are you missing an assembly reference?)
C:\Users\Edgar\Projects\Test projects\buildtools\src\xunit.netcore.extensions\Attributes\OuterLoopAttribute.cs(4,7): error CS0246: The type or namespace name 'System' could not be found (are you missing a using directive or an assembly reference?)
C:\Users\Edgar\Projects\Test projects\buildtools\src\xunit.netcore.extensions\Attributes\OuterLoopAttribute.cs(5,13): error CS0234: The type or namespace name 'Sdk' does not exist in the namespace 'Xunit' (are you missing an assembly reference?)
C:\Users\Edgar\Projects\Test projects\buildtools\src\xunit.netcore.extensions\Discoverers\OuterLoopTestsDiscoverer.cs(4,7): error CS0246: The type or namespace name 'System' could not be found (are you missing a using directive or an assembly reference?)
C:\Users\Edgar\Projects\Test projects\buildtools\src\xunit.netcore.extensions\Discoverers\OuterLoopTestsDiscoverer.cs(5,13): error CS0234: The type or namespace name 'Abstractions' does not exist in the namespace 'Xunit' (are you missing an assembly reference?)
C:\Users\Edgar\Projects\Test projects\buildtools\src\xunit.netcore.extensions\Discoverers\OuterLoopTestsDiscoverer.cs(6,13): error CS0234: The type or namespace name 'Sdk' does not exist in the namespace 'Xunit' (are you missing an assembly reference?)
C:\Users\Edgar\Projects\Test projects\buildtools\src\xunit.netcore.extensions\Discoverers\PlatformSpecificDiscoverer.cs(4,7): error CS0246: The type or namespace name 'System' could not be found (are you missing a using directive or an assembly reference?)
C:\Users\Edgar\Projects\Test projects\buildtools\src\xunit.netcore.extensions\Discoverers\PlatformSpecificDiscoverer.cs(5,7): error CS0246: The type or namespace name 'System' could not be found (are you missing a using directive or an assembly reference?)
C:\Users\Edgar\Projects\Test projects\buildtools\src\xunit.netcore.extensions\Discoverers\PlatformSpecificDiscoverer.cs(6,13): error CS0234: The type or namespace name 'Abstractions' does not exist in the namespace 'Xunit' (are you missing an assembly reference?)
C:\Users\Edgar\Projects\Test projects\buildtools\src\xunit.netcore.extensions\Discoverers\PlatformSpecificDiscoverer.cs(7,13): error CS0234: The type or namespace name 'Sdk' does not exist in the namespace 'Xunit' (are you missing an assembly reference?)
C:\Users\Edgar\Projects\Test projects\buildtools\src\xunit.netcore.extensions\PlatformID.cs(4,7): error CS0246: The type or namespace name 'System' could not be found (are you missing a using directive or an assembly reference?)
C:\Users\Edgar\Projects\Test projects\buildtools\src\xunit.netcore.extensions\PlatformID.cs(5,13): error CS0234: The type or namespace name 'Sdk' does not exist in the namespace 'Xunit' (are you missing an assembly reference?)
C:\Users\Edgar\Projects\Test projects\buildtools\src\xunit.netcore.extensions\XunitConstants.cs(4,7): error CS0246: The type or namespace name 'System' could not be found (are you missing a using directive or an assembly reference?)
C:\Users\Edgar\Projects\Test projects\buildtools\src\xunit.netcore.extensions\XunitConstants.cs(5,13): error CS0234: The type or namespace name 'Sdk' does not exist in the namespace 'Xunit' (are you missing an assembly reference?)
C:\Users\Edgar\Projects\Test projects\buildtools\src\xunit.netcore.extensions\Attributes\ActiveIssueAttribute.cs(14,41): error CS0246: The type or namespace name 'Attribute' could not be found (are you missing a using directive or an assembly reference?)
C:\Users\Edgar\Projects\Test projects\buildtools\src\xunit.netcore.extensions\Attributes\ActiveIssueAttribute.cs(14,52): error CS0246: The type or namespace name 'ITraitAttribute' could not be found (are you missing a using directive or an assembly reference?)
C:\Users\Edgar\Projects\Test projects\buildtools\src\xunit.netcore.extensions\Attributes\PlatformSpecificAttribute.cs(14,46): error CS0246: The type or namespace name 'Attribute' could not be found (are you missing a using directive or an assembly reference?)
C:\Users\Edgar\Projects\Test projects\buildtools\src\xunit.netcore.extensions\Attributes\PlatformSpecificAttribute.cs(14,57): error CS0246: The type or namespace name 'ITraitAttribute' could not be found (are you missing a using directive or an assembly reference?)
C:\Users\Edgar\Projects\Test projects\buildtools\src\xunit.netcore.extensions\Attributes\OuterLoopAttribute.cs(14,39): error CS0246: The type or namespace name 'Attribute' could not be found (are you missing a using directive or an assembly reference?)
C:\Users\Edgar\Projects\Test projects\buildtools\src\xunit.netcore.extensions\Attributes\OuterLoopAttribute.cs(14,50): error CS0246: The type or namespace name 'ITraitAttribute' could not be found (are you missing a using directive or an assembly reference?)
C:\Users\Edgar\Projects\Test projects\buildtools\src\xunit.netcore.extensions\Discoverers\ActiveIssueDiscoverer.cs(17,42): error CS0246: The type or namespace name 'ITraitDiscoverer' could not be found (are you missing a using directive or an assembly reference?)
C:\Users\Edgar\Projects\Test projects\buildtools\src\xunit.netcore.extensions\Discoverers\OuterLoopTestsDiscoverer.cs(14,45): error CS0246: The type or namespace name 'ITraitDiscoverer' could not be found (are you missing a using directive or an assembly reference?)
C:\Users\Edgar\Projects\Test projects\buildtools\src\xunit.netcore.extensions\XunitConstants.cs(9,21): error CS0518: Predefined type 'System.ValueType' is not defined or imported
C:\Users\Edgar\Projects\Test projects\buildtools\src\xunit.netcore.extensions\Discoverers\PlatformSpecificDiscoverer.cs(15,47): error CS0246: The type or namespace name 'ITraitDiscoverer' could not be found (are you missing a using directive or an assembly reference?)
C:\Users\Edgar\Projects\Test projects\buildtools\src\xunit.netcore.extensions\Discoverers\ActiveIssueDiscoverer.cs(24,68): error CS0518: Predefined type 'System.Object' is not defined or imported
C:\Users\Edgar\Projects\Test projects\buildtools\src\xunit.netcore.extensions\Discoverers\OuterLoopTestsDiscoverer.cs(21,68): error CS0518: Predefined type 'System.Object' is not defined or imported
C:\Users\Edgar\Projects\Test projects\buildtools\src\xunit.netcore.extensions\Discoverers\ActiveIssueDiscoverer.cs(24,68): error CS0246: The type or namespace name 'IAttributeInfo' could not be found (are you missing a using directive or an assembly reference?)
C:\Users\Edgar\Projects\Test projects\buildtools\src\xunit.netcore.extensions\Discoverers\OuterLoopTestsDiscoverer.cs(21,68): error CS0246: The type or namespace name 'IAttributeInfo' could not be found (are you missing a using directive or an assembly reference?)
C:\Users\Edgar\Projects\Test projects\buildtools\src\xunit.netcore.extensions\Discoverers\ActiveIssueDiscoverer.cs(24,16): error CS0518: Predefined type 'System.Object' is not defined or imported
C:\Users\Edgar\Projects\Test projects\buildtools\src\xunit.netcore.extensions\Discoverers\OuterLoopTestsDiscoverer.cs(21,16): error CS0518: Predefined type 'System.Object' is not defined or imported
C:\Users\Edgar\Projects\Test projects\buildtools\src\xunit.netcore.extensions\Discoverers\ActiveIssueDiscoverer.cs(24,16): error CS0246: The type or namespace name 'IEnumerable<KeyValuePair<string, string>>' could not be found (are you missing a using directive or an assembly reference?)
C:\Users\Edgar\Projects\Test projects\buildtools\src\xunit.netcore.extensions\Discoverers\OuterLoopTestsDiscoverer.cs(21,16): error CS0246: The type or namespace name 'IEnumerable<KeyValuePair<string, string>>' could not be found (are you missing a using directive or an assembly reference?)
C:\Users\Edgar\Projects\Test projects\buildtools\src\xunit.netcore.extensions\Discoverers\ActiveIssueDiscoverer.cs(24,28): error CS0518: Predefined type 'System.Object' is not defined or imported
C:\Users\Edgar\Projects\Test projects\buildtools\src\xunit.netcore.extensions\Discoverers\OuterLoopTestsDiscoverer.cs(21,28): error CS0518: Predefined type 'System.Object' is not defined or imported
C:\Users\Edgar\Projects\Test projects\buildtools\src\xunit.netcore.extensions\Discoverers\ActiveIssueDiscoverer.cs(24,28): error CS0246: The type or namespace name 'KeyValuePair<string, string>' could not be found (are you missing a using directive or an assembly reference?)
C:\Users\Edgar\Projects\Test projects\buildtools\src\xunit.netcore.extensions\Discoverers\OuterLoopTestsDiscoverer.cs(21,28): error CS0246: The type or namespace name 'KeyValuePair<string, string>' could not be found (are you missing a using directive or an assembly reference?)
C:\Users\Edgar\Projects\Test projects\buildtools\src\xunit.netcore.extensions\Discoverers\ActiveIssueDiscoverer.cs(24,41): error CS0518: Predefined type 'System.String' is not defined or imported
C:\Users\Edgar\Projects\Test projects\buildtools\src\xunit.netcore.extensions\Discoverers\OuterLoopTestsDiscoverer.cs(21,41): error CS0518: Predefined type 'System.String' is not defined or imported
C:\Users\Edgar\Projects\Test projects\buildtools\src\xunit.netcore.extensions\Discoverers\ActiveIssueDiscoverer.cs(24,49): error CS0518: Predefined type 'System.String' is not defined or imported
C:\Users\Edgar\Projects\Test projects\buildtools\src\xunit.netcore.extensions\Discoverers\OuterLoopTestsDiscoverer.cs(21,49): error CS0518: Predefined type 'System.String' is not defined or imported
C:\Users\Edgar\Projects\Test projects\buildtools\src\xunit.netcore.extensions\Discoverers\PlatformSpecificDiscoverer.cs(22,68): error CS0518: Predefined type 'System.Object' is not defined or imported
C:\Users\Edgar\Projects\Test projects\buildtools\src\xunit.netcore.extensions\Discoverers\PlatformSpecificDiscoverer.cs(22,68): error CS0246: The type or namespace name 'IAttributeInfo' could not be found (are you missing a using directive or an assembly reference?)
C:\Users\Edgar\Projects\Test projects\buildtools\src\xunit.netcore.extensions\Discoverers\PlatformSpecificDiscoverer.cs(22,16): error CS0518: Predefined type 'System.Object' is not defined or imported
C:\Users\Edgar\Projects\Test projects\buildtools\src\xunit.netcore.extensions\Discoverers\PlatformSpecificDiscoverer.cs(22,16): error CS0246: The type or namespace name 'IEnumerable<KeyValuePair<string, string>>' could not be found (are you missing a using directive or an assembly reference?)
C:\Users\Edgar\Projects\Test projects\buildtools\src\xunit.netcore.extensions\Discoverers\PlatformSpecificDiscoverer.cs(22,28): error CS0518: Predefined type 'System.Object' is not defined or imported
C:\Users\Edgar\Projects\Test projects\buildtools\src\xunit.netcore.extensions\Discoverers\PlatformSpecificDiscoverer.cs(22,28): error CS0246: The type or namespace name 'KeyValuePair<string, string>' could not be found (are you missing a using directive or an assembly reference?)
C:\Users\Edgar\Projects\Test projects\buildtools\src\xunit.netcore.extensions\Discoverers\PlatformSpecificDiscoverer.cs(22,41): error CS0518: Predefined type 'System.String' is not defined or imported
C:\Users\Edgar\Projects\Test projects\buildtools\src\xunit.netcore.extensions\Discoverers\PlatformSpecificDiscoverer.cs(22,49): error CS0518: Predefined type 'System.String' is not defined or imported
C:\Users\Edgar\Projects\Test projects\buildtools\src\xunit.netcore.extensions\PlatformID.cs(10,17): error CS0518: Predefined type 'System.Enum' is not defined or imported
C:\Users\Edgar\Projects\Test projects\buildtools\src\xunit.netcore.extensions\PlatformID.cs(9,6): error CS0518: Predefined type 'System.Enum' is not defined or imported
C:\Users\Edgar\Projects\Test projects\buildtools\src\xunit.netcore.extensions\PlatformID.cs(9,6): error CS0518: Predefined type 'System.Object' is not defined or imported
C:\Users\Edgar\Projects\Test projects\buildtools\src\xunit.netcore.extensions\PlatformID.cs(9,6): error CS0518: Predefined type 'System.Enum' is not defined or imported
C:\Users\Edgar\Projects\Test projects\buildtools\src\xunit.netcore.extensions\PlatformID.cs(9,6): error CS0518: Predefined type 'System.Object' is not defined or imported
C:\Users\Edgar\Projects\Test projects\buildtools\src\xunit.netcore.extensions\PlatformID.cs(9,6): error CS0246: The type or namespace name 'Flags' could not be found (are you missing a using directive or an assembly reference?)
C:\Users\Edgar\Projects\Test projects\buildtools\src\xunit.netcore.extensions\PlatformID.cs(10,17): error CS0518: Predefined type 'System.Int32' is not defined or imported
C:\Users\Edgar\Projects\Test projects\buildtools\src\xunit.netcore.extensions\Attributes\ActiveIssueAttribute.cs(12,6): error CS0518: Predefined type 'System.Object' is not defined or imported
C:\Users\Edgar\Projects\Test projects\buildtools\src\xunit.netcore.extensions\Attributes\ActiveIssueAttribute.cs(12,6): error CS0518: Predefined type 'System.Object' is not defined or imported
C:\Users\Edgar\Projects\Test projects\buildtools\src\xunit.netcore.extensions\Attributes\ActiveIssueAttribute.cs(12,6): error CS0246: The type or namespace name 'TraitDiscoverer' could not be found (are you missing a using directive or an assembly reference?)
C:\Users\Edgar\Projects\Test projects\buildtools\src\xunit.netcore.extensions\Attributes\ActiveIssueAttribute.cs(13,6): error CS0518: Predefined type 'System.Object' is not defined or imported
C:\Users\Edgar\Projects\Test projects\buildtools\src\xunit.netcore.extensions\Attributes\ActiveIssueAttribute.cs(13,6): error CS0518: Predefined type 'System.Object' is not defined or imported
C:\Users\Edgar\Projects\Test projects\buildtools\src\xunit.netcore.extensions\Attributes\ActiveIssueAttribute.cs(13,6): error CS0246: The type or namespace name 'AttributeUsage' could not be found (are you missing a using directive or an assembly reference?)
C:\Users\Edgar\Projects\Test projects\buildtools\src\xunit.netcore.extensions\Attributes\ActiveIssueAttribute.cs(12,22): error CS0518: Predefined type 'System.String' is not defined or imported
C:\Users\Edgar\Projects\Test projects\buildtools\src\xunit.netcore.extensions\Attributes\ActiveIssueAttribute.cs(12,72): error CS0518: Predefined type 'System.String' is not defined or imported
C:\Users\Edgar\Projects\Test projects\buildtools\src\xunit.netcore.extensions\Attributes\ActiveIssueAttribute.cs(13,21): error CS0518: Predefined type 'System.Object' is not defined or imported
C:\Users\Edgar\Projects\Test projects\buildtools\src\xunit.netcore.extensions\Attributes\ActiveIssueAttribute.cs(13,21): error CS0103: The name 'AttributeTargets' does not exist in the current context
C:\Users\Edgar\Projects\Test projects\buildtools\src\xunit.netcore.extensions\Attributes\ActiveIssueAttribute.cs(13,46): error CS0246: The type or namespace name 'AllowMultiple' could not be found (are you missing a using directive or an assembly reference?)
C:\Users\Edgar\Projects\Test projects\buildtools\src\xunit.netcore.extensions\Attributes\ActiveIssueAttribute.cs(13,62): error CS0518: Predefined type 'System.Boolean' is not defined or imported
C:\Users\Edgar\Projects\Test projects\buildtools\src\xunit.netcore.extensions\Attributes\PlatformSpecificAttribute.cs(12,6): error CS0518: Predefined type 'System.Object' is not defined or imported
C:\Users\Edgar\Projects\Test projects\buildtools\src\xunit.netcore.extensions\Attributes\PlatformSpecificAttribute.cs(12,6): error CS0518: Predefined type 'System.Object' is not defined or imported
C:\Users\Edgar\Projects\Test projects\buildtools\src\xunit.netcore.extensions\Attributes\PlatformSpecificAttribute.cs(12,6): error CS0246: The type or namespace name 'TraitDiscoverer' could not be found (are you missing a using directive or an assembly reference?)
C:\Users\Edgar\Projects\Test projects\buildtools\src\xunit.netcore.extensions\Attributes\PlatformSpecificAttribute.cs(13,6): error CS0518: Predefined type 'System.Object' is not defined or imported
C:\Users\Edgar\Projects\Test projects\buildtools\src\xunit.netcore.extensions\Attributes\PlatformSpecificAttribute.cs(13,6): error CS0518: Predefined type 'System.Object' is not defined or imported
C:\Users\Edgar\Projects\Test projects\buildtools\src\xunit.netcore.extensions\Attributes\PlatformSpecificAttribute.cs(13,6): error CS0246: The type or namespace name 'AttributeUsage' could not be found (are you missing a using directive or an assembly reference?)
C:\Users\Edgar\Projects\Test projects\buildtools\src\xunit.netcore.extensions\Attributes\PlatformSpecificAttribute.cs(12,22): error CS0518: Predefined type 'System.String' is not defined or imported
C:\Users\Edgar\Projects\Test projects\buildtools\src\xunit.netcore.extensions\Attributes\PlatformSpecificAttribute.cs(12,77): error CS0518: Predefined type 'System.String' is not defined or imported
C:\Users\Edgar\Projects\Test projects\buildtools\src\xunit.netcore.extensions\Attributes\PlatformSpecificAttribute.cs(13,47): error CS0518: Predefined type 'System.Object' is not defined or imported
C:\Users\Edgar\Projects\Test projects\buildtools\src\xunit.netcore.extensions\Attributes\PlatformSpecificAttribute.cs(13,47): error CS0103: The name 'AttributeTargets' does not exist in the current context
C:\Users\Edgar\Projects\Test projects\buildtools\src\xunit.netcore.extensions\Attributes\PlatformSpecificAttribute.cs(13,21): error CS0518: Predefined type 'System.Object' is not defined or imported
C:\Users\Edgar\Projects\Test projects\buildtools\src\xunit.netcore.extensions\Attributes\PlatformSpecificAttribute.cs(13,21): error CS0103: The name 'AttributeTargets' does not exist in the current context
C:\Users\Edgar\Projects\Test projects\buildtools\src\xunit.netcore.extensions\Attributes\PlatformSpecificAttribute.cs(13,71): error CS0246: The type or namespace name 'AllowMultiple' could not be found (are you missing a using directive or an assembly reference?)
C:\Users\Edgar\Projects\Test projects\buildtools\src\xunit.netcore.extensions\Attributes\PlatformSpecificAttribute.cs(13,87): error CS0518: Predefined type 'System.Boolean' is not defined or imported
C:\Users\Edgar\Projects\Test projects\buildtools\src\xunit.netcore.extensions\Attributes\OuterLoopAttribute.cs(12,6): error CS0518: Predefined type 'System.Object' is not defined or imported
C:\Users\Edgar\Projects\Test projects\buildtools\src\xunit.netcore.extensions\Attributes\OuterLoopAttribute.cs(12,6): error CS0518: Predefined type 'System.Object' is not defined or imported
C:\Users\Edgar\Projects\Test projects\buildtools\src\xunit.netcore.extensions\Attributes\OuterLoopAttribute.cs(12,6): error CS0246: The type or namespace name 'TraitDiscoverer' could not be found (are you missing a using directive or an assembly reference?)
C:\Users\Edgar\Projects\Test projects\buildtools\src\xunit.netcore.extensions\Attributes\OuterLoopAttribute.cs(13,6): error CS0518: Predefined type 'System.Object' is not defined or imported
C:\Users\Edgar\Projects\Test projects\buildtools\src\xunit.netcore.extensions\Attributes\OuterLoopAttribute.cs(13,6): error CS0518: Predefined type 'System.Object' is not defined or imported
C:\Users\Edgar\Projects\Test projects\buildtools\src\xunit.netcore.extensions\Attributes\OuterLoopAttribute.cs(13,6): error CS0246: The type or namespace name 'AttributeUsage' could not be found (are you missing a using directive or an assembly reference?)
C:\Users\Edgar\Projects\Test projects\buildtools\src\xunit.netcore.extensions\Attributes\OuterLoopAttribute.cs(12,22): error CS0518: Predefined type 'System.String' is not defined or imported
C:\Users\Edgar\Projects\Test projects\buildtools\src\xunit.netcore.extensions\Attributes\OuterLoopAttribute.cs(12,75): error CS0518: Predefined type 'System.String' is not defined or imported
C:\Users\Edgar\Projects\Test projects\buildtools\src\xunit.netcore.extensions\Attributes\OuterLoopAttribute.cs(13,47): error CS0518: Predefined type 'System.Object' is not defined or imported
C:\Users\Edgar\Projects\Test projects\buildtools\src\xunit.netcore.extensions\Attributes\OuterLoopAttribute.cs(13,47): error CS0103: The name 'AttributeTargets' does not exist in the current context
C:\Users\Edgar\Projects\Test projects\buildtools\src\xunit.netcore.extensions\Attributes\OuterLoopAttribute.cs(13,21): error CS0518: Predefined type 'System.Object' is not defined or imported
C:\Users\Edgar\Projects\Test projects\buildtools\src\xunit.netcore.extensions\Attributes\OuterLoopAttribute.cs(13,21): error CS0103: The name 'AttributeTargets' does not exist in the current context
C:\Users\Edgar\Projects\Test projects\buildtools\src\xunit.netcore.extensions\Attributes\OuterLoopAttribute.cs(13,71): error CS0246: The type or namespace name 'AllowMultiple' could not be found (are you missing a using directive or an assembly reference?)
C:\Users\Edgar\Projects\Test projects\buildtools\src\xunit.netcore.extensions\Attributes\OuterLoopAttribute.cs(13,87): error CS0518: Predefined type 'System.Boolean' is not defined or imported
C:\Users\Edgar\Projects\Test projects\buildtools\src\xunit.netcore.extensions\PlatformID.cs(12,19): error CS0518: Predefined type 'System.Int32' is not defined or imported
C:\Users\Edgar\Projects\Test projects\buildtools\src\xunit.netcore.extensions\PlatformID.cs(13,17): error CS0518: Predefined type 'System.Int32' is not defined or imported
C:\Users\Edgar\Projects\Test projects\buildtools\src\xunit.netcore.extensions\PlatformID.cs(14,15): error CS0518: Predefined type 'System.Int32' is not defined or imported
C:\Users\Edgar\Projects\Test projects\buildtools\src\xunit.netcore.extensions\PlatformID.cs(15,19): error CS0518: Predefined type 'System.Int32' is not defined or imported
C:\Users\Edgar\Projects\Test projects\buildtools\src\xunit.netcore.extensions\PlatformID.cs(17,16): error CS0518: Predefined type 'System.Int32' is not defined or imported
C:\Users\Edgar\Projects\Test projects\buildtools\src\xunit.netcore.extensions\PlatformID.cs(17,15): error CS0518: Predefined type 'System.Object' is not defined or imported
C:\Users\Edgar\Projects\Test projects\buildtools\src\xunit.netcore.extensions\XunitConstants.cs(11,22): error CS0518: Predefined type 'System.String' is not defined or imported
C:\Users\Edgar\Projects\Test projects\buildtools\src\xunit.netcore.extensions\XunitConstants.cs(11,46): error CS0518: Predefined type 'System.String' is not defined or imported
C:\Users\Edgar\Projects\Test projects\buildtools\src\xunit.netcore.extensions\XunitConstants.cs(12,22): error CS0518: Predefined type 'System.String' is not defined or imported
C:\Users\Edgar\Projects\Test projects\buildtools\src\xunit.netcore.extensions\XunitConstants.cs(12,44): error CS0518: Predefined type 'System.String' is not defined or imported
C:\Users\Edgar\Projects\Test projects\buildtools\src\xunit.netcore.extensions\XunitConstants.cs(13,22): error CS0518: Predefined type 'System.String' is not defined or imported
C:\Users\Edgar\Projects\Test projects\buildtools\src\xunit.netcore.extensions\XunitConstants.cs(13,42): error CS0518: Predefined type 'System.String' is not defined or imported
C:\Users\Edgar\Projects\Test projects\buildtools\src\xunit.netcore.extensions\XunitConstants.cs(14,22): error CS0518: Predefined type 'System.String' is not defined or imported
C:\Users\Edgar\Projects\Test projects\buildtools\src\xunit.netcore.extensions\XunitConstants.cs(14,46): error CS0518: Predefined type 'System.String' is not defined or imported
C:\Users\Edgar\Projects\Test projects\buildtools\src\xunit.netcore.extensions\XunitConstants.cs(15,22): error CS0518: Predefined type 'System.String' is not defined or imported
C:\Users\Edgar\Projects\Test projects\buildtools\src\xunit.netcore.extensions\XunitConstants.cs(15,40): error CS0518: Predefined type 'System.String' is not defined or imported
C:\Users\Edgar\Projects\Test projects\buildtools\src\xunit.netcore.extensions\XunitConstants.cs(16,22): error CS0518: Predefined type 'System.String' is not defined or imported
C:\Users\Edgar\Projects\Test projects\buildtools\src\xunit.netcore.extensions\XunitConstants.cs(16,39): error CS0518: Predefined type 'System.String' is not defined or imported
C:\Users\Edgar\Projects\Test projects\buildtools\src\xunit.netcore.extensions\XunitConstants.cs(17,22): error CS0518: Predefined type 'System.String' is not defined or imported
C:\Users\Edgar\Projects\Test projects\buildtools\src\xunit.netcore.extensions\XunitConstants.cs(17,43): error CS0518: Predefined type 'System.String' is not defined or imported
C:\Users\Edgar\Projects\Test projects\buildtools\src\xunit.netcore.extensions\XunitConstants.cs(18,22): error CS0518: Predefined type 'System.String' is not defined or imported
C:\Users\Edgar\Projects\Test projects\buildtools\src\xunit.netcore.extensions\XunitConstants.cs(18,41): error CS0518: Predefined type 'System.String' is not defined or imported
C:\Users\Edgar\Projects\Test projects\buildtools\src\xunit.netcore.extensions\Attributes\PlatformSpecificAttribute.cs(16,42): error CS0518: Predefined type 'System.Object' is not defined or imported
C:\Users\Edgar\Projects\Test projects\buildtools\src\xunit.netcore.extensions\Attributes\PlatformSpecificAttribute.cs(16,9): error CS0518: Predefined type 'System.Void' is not defined or imported
C:\Users\Edgar\Projects\Test projects\buildtools\src\xunit.netcore.extensions\Attributes\OuterLoopAttribute.cs(16,9): error CS0518: Predefined type 'System.Void' is not defined or imported
C:\Users\Edgar\Projects\Test projects\buildtools\src\xunit.netcore.extensions\Attributes\ActiveIssueAttribute.cs(16,37): error CS0518: Predefined type 'System.Int32' is not defined or imported
C:\Users\Edgar\Projects\Test projects\buildtools\src\xunit.netcore.extensions\Attributes\ActiveIssueAttribute.cs(16,54): error CS0518: Predefined type 'System.Object' is not defined or imported
C:\Users\Edgar\Projects\Test projects\buildtools\src\xunit.netcore.extensions\Attributes\ActiveIssueAttribute.cs(16,9): error CS0518: Predefined type 'System.Void' is not defined or imported
C:\Users\Edgar\Projects\Test projects\buildtools\src\xunit.netcore.extensions\Attributes\ActiveIssueAttribute.cs(17,37): error CS0518: Predefined type 'System.String' is not defined or imported
C:\Users\Edgar\Projects\Test projects\buildtools\src\xunit.netcore.extensions\Attributes\ActiveIssueAttribute.cs(17,51): error CS0518: Predefined type 'System.Object' is not defined or imported
C:\Users\Edgar\Projects\Test projects\buildtools\src\xunit.netcore.extensions\Attributes\ActiveIssueAttribute.cs(17,9): error CS0518: Predefined type 'System.Void' is not defined or imported
C:\Users\Edgar\Projects\Test projects\buildtools\src\xunit.netcore.extensions\Attributes\ActiveIssueAttribute.cs(16,77): error CS0518: Predefined type 'System.Object' is not defined or imported
C:\Users\Edgar\Projects\Test projects\buildtools\src\xunit.netcore.extensions\Attributes\ActiveIssueAttribute.cs(17,74): error CS0518: Predefined type 'System.Object' is not defined or imported
C:\Users\Edgar\Projects\Test projects\buildtools\src\xunit.netcore.extensions\Discoverers\OuterLoopTestsDiscoverer.cs(23,30): error CS0518: Predefined type 'System.Object' is not defined or imported
C:\Users\Edgar\Projects\Test projects\buildtools\src\xunit.netcore.extensions\Discoverers\OuterLoopTestsDiscoverer.cs(23,30): error CS0246: The type or namespace name 'KeyValuePair<string, string>' could not be found (are you missing a using directive or an assembly reference?)
C:\Users\Edgar\Projects\Test projects\buildtools\src\xunit.netcore.extensions\Discoverers\OuterLoopTestsDiscoverer.cs(23,43): error CS0518: Predefined type 'System.String' is not defined or imported
C:\Users\Edgar\Projects\Test projects\buildtools\src\xunit.netcore.extensions\Discoverers\OuterLoopTestsDiscoverer.cs(23,51): error CS0518: Predefined type 'System.String' is not defined or imported
C:\Users\Edgar\Projects\Test projects\buildtools\src\xunit.netcore.extensions\Discoverers\OuterLoopTestsDiscoverer.cs(23,59): error CS0518: Predefined type 'System.Object' is not defined or imported
C:\Users\Edgar\Projects\Test projects\buildtools\src\xunit.netcore.extensions\Discoverers\OuterLoopTestsDiscoverer.cs(23,84): error CS0518: Predefined type 'System.Object' is not defined or imported
C:\Users\Edgar\Projects\Test projects\buildtools\src\xunit.netcore.extensions\Discoverers\OuterLoopTestsDiscoverer.cs(21,58): error CS1624: The body of 'OuterLoopTestsDiscoverer.GetTraits(IAttributeInfo)' cannot be an iterator block because 'IEnumerable<KeyValuePair<string, string>>' is not an iterator interface type
C:\Users\Edgar\Projects\Test projects\buildtools\src\xunit.netcore.extensions\Discoverers\PlatformSpecificDiscoverer.cs(24,13): error CS0518: Predefined type 'System.Object' is not defined or imported
C:\Users\Edgar\Projects\Test projects\buildtools\src\xunit.netcore.extensions\Discoverers\PlatformSpecificDiscoverer.cs(24,36): error CS0518: Predefined type 'System.Object' is not defined or imported
C:\Users\Edgar\Projects\Test projects\buildtools\src\xunit.netcore.extensions\Discoverers\PlatformSpecificDiscoverer.cs(24,35): error CS0518: Predefined type 'System.Enum' is not defined or imported
C:\Users\Edgar\Projects\Test projects\buildtools\src\xunit.netcore.extensions\Discoverers\PlatformSpecificDiscoverer.cs(25,35): error CS0518: Predefined type 'System.Object' is not defined or imported
C:\Users\Edgar\Projects\Test projects\buildtools\src\xunit.netcore.extensions\Discoverers\PlatformSpecificDiscoverer.cs(25,27): error CS0518: Predefined type 'System.Enum' is not defined or imported
C:\Users\Edgar\Projects\Test projects\buildtools\src\xunit.netcore.extensions\Discoverers\PlatformSpecificDiscoverer.cs(25,27): error CS0518: Predefined type 'System.Object' is not defined or imported
C:\Users\Edgar\Projects\Test projects\buildtools\src\xunit.netcore.extensions\Discoverers\PlatformSpecificDiscoverer.cs(25,27): error CS1061: 'PlatformID' does not contain a definition for 'HasFlag' and no extension method 'HasFlag' accepting a first argument of type 'PlatformID' could be found (are you missing a using directive or an assembly reference?)
C:\Users\Edgar\Projects\Test projects\buildtools\src\xunit.netcore.extensions\Discoverers\PlatformSpecificDiscoverer.cs(25,17): error CS0518: Predefined type 'System.Object' is not defined or imported
C:\Users\Edgar\Projects\Test projects\buildtools\src\xunit.netcore.extensions\Discoverers\PlatformSpecificDiscoverer.cs(25,17): error CS0518: Predefined type 'System.Boolean' is not defined or imported
C:\Users\Edgar\Projects\Test projects\buildtools\src\xunit.netcore.extensions\Discoverers\PlatformSpecificDiscoverer.cs(26,34): error CS0518: Predefined type 'System.Object' is not defined or imported
C:\Users\Edgar\Projects\Test projects\buildtools\src\xunit.netcore.extensions\Discoverers\PlatformSpecificDiscoverer.cs(26,34): error CS0246: The type or namespace name 'KeyValuePair<string, string>' could not be found (are you missing a using directive or an assembly reference?)
C:\Users\Edgar\Projects\Test projects\buildtools\src\xunit.netcore.extensions\Discoverers\PlatformSpecificDiscoverer.cs(26,47): error CS0518: Predefined type 'System.String' is not defined or imported
C:\Users\Edgar\Projects\Test projects\buildtools\src\xunit.netcore.extensions\Discoverers\PlatformSpecificDiscoverer.cs(26,55): error CS0518: Predefined type 'System.String' is not defined or imported
C:\Users\Edgar\Projects\Test projects\buildtools\src\xunit.netcore.extensions\Discoverers\PlatformSpecificDiscoverer.cs(26,63): error CS0518: Predefined type 'System.Object' is not defined or imported
C:\Users\Edgar\Projects\Test projects\buildtools\src\xunit.netcore.extensions\Discoverers\PlatformSpecificDiscoverer.cs(26,88): error CS0518: Predefined type 'System.Object' is not defined or imported
C:\Users\Edgar\Projects\Test projects\buildtools\src\xunit.netcore.extensions\Discoverers\PlatformSpecificDiscoverer.cs(27,35): error CS0518: Predefined type 'System.Object' is not defined or imported
C:\Users\Edgar\Projects\Test projects\buildtools\src\xunit.netcore.extensions\Discoverers\PlatformSpecificDiscoverer.cs(27,27): error CS0518: Predefined type 'System.Enum' is not defined or imported
C:\Users\Edgar\Projects\Test projects\buildtools\src\xunit.netcore.extensions\Discoverers\PlatformSpecificDiscoverer.cs(27,27): error CS0518: Predefined type 'System.Object' is not defined or imported
C:\Users\Edgar\Projects\Test projects\buildtools\src\xunit.netcore.extensions\Discoverers\PlatformSpecificDiscoverer.cs(27,27): error CS1061: 'PlatformID' does not contain a definition for 'HasFlag' and no extension method 'HasFlag' accepting a first argument of type 'PlatformID' could be found (are you missing a using directive or an assembly reference?)
C:\Users\Edgar\Projects\Test projects\buildtools\src\xunit.netcore.extensions\Discoverers\PlatformSpecificDiscoverer.cs(27,17): error CS0518: Predefined type 'System.Object' is not defined or imported
C:\Users\Edgar\Projects\Test projects\buildtools\src\xunit.netcore.extensions\Discoverers\PlatformSpecificDiscoverer.cs(27,17): error CS0518: Predefined type 'System.Boolean' is not defined or imported
C:\Users\Edgar\Projects\Test projects\buildtools\src\xunit.netcore.extensions\Discoverers\PlatformSpecificDiscoverer.cs(28,34): error CS0518: Predefined type 'System.Object' is not defined or imported
C:\Users\Edgar\Projects\Test projects\buildtools\src\xunit.netcore.extensions\Discoverers\PlatformSpecificDiscoverer.cs(28,34): error CS0246: The type or namespace name 'KeyValuePair<string, string>' could not be found (are you missing a using directive or an assembly reference?)
C:\Users\Edgar\Projects\Test projects\buildtools\src\xunit.netcore.extensions\Discoverers\PlatformSpecificDiscoverer.cs(28,47): error CS0518: Predefined type 'System.String' is not defined or imported
C:\Users\Edgar\Projects\Test projects\buildtools\src\xunit.netcore.extensions\Discoverers\PlatformSpecificDiscoverer.cs(28,55): error CS0518: Predefined type 'System.String' is not defined or imported
C:\Users\Edgar\Projects\Test projects\buildtools\src\xunit.netcore.extensions\Discoverers\PlatformSpecificDiscoverer.cs(28,63): error CS0518: Predefined type 'System.Object' is not defined or imported
C:\Users\Edgar\Projects\Test projects\buildtools\src\xunit.netcore.extensions\Discoverers\PlatformSpecificDiscoverer.cs(28,88): error CS0518: Predefined type 'System.Object' is not defined or imported
C:\Users\Edgar\Projects\Test projects\buildtools\src\xunit.netcore.extensions\Discoverers\PlatformSpecificDiscoverer.cs(29,35): error CS0518: Predefined type 'System.Object' is not defined or imported
C:\Users\Edgar\Projects\Test projects\buildtools\src\xunit.netcore.extensions\Discoverers\PlatformSpecificDiscoverer.cs(29,27): error CS0518: Predefined type 'System.Enum' is not defined or imported
C:\Users\Edgar\Projects\Test projects\buildtools\src\xunit.netcore.extensions\Discoverers\PlatformSpecificDiscoverer.cs(29,27): error CS0518: Predefined type 'System.Object' is not defined or imported
C:\Users\Edgar\Projects\Test projects\buildtools\src\xunit.netcore.extensions\Discoverers\PlatformSpecificDiscoverer.cs(29,27): error CS1061: 'PlatformID' does not contain a definition for 'HasFlag' and no extension method 'HasFlag' accepting a first argument of type 'PlatformID' could be found (are you missing a using directive or an assembly reference?)
C:\Users\Edgar\Projects\Test projects\buildtools\src\xunit.netcore.extensions\Discoverers\PlatformSpecificDiscoverer.cs(29,17): error CS0518: Predefined type 'System.Object' is not defined or imported
C:\Users\Edgar\Projects\Test projects\buildtools\src\xunit.netcore.extensions\Discoverers\PlatformSpecificDiscoverer.cs(29,17): error CS0518: Predefined type 'System.Boolean' is not defined or imported
C:\Users\Edgar\Projects\Test projects\buildtools\src\xunit.netcore.extensions\Discoverers\PlatformSpecificDiscoverer.cs(30,34): error CS0518: Predefined type 'System.Object' is not defined or imported
C:\Users\Edgar\Projects\Test projects\buildtools\src\xunit.netcore.extensions\Discoverers\PlatformSpecificDiscoverer.cs(30,34): error CS0246: The type or namespace name 'KeyValuePair<string, string>' could not be found (are you missing a using directive or an assembly reference?)
C:\Users\Edgar\Projects\Test projects\buildtools\src\xunit.netcore.extensions\Discoverers\PlatformSpecificDiscoverer.cs(30,47): error CS0518: Predefined type 'System.String' is not defined or imported
C:\Users\Edgar\Projects\Test projects\buildtools\src\xunit.netcore.extensions\Discoverers\PlatformSpecificDiscoverer.cs(30,55): error CS0518: Predefined type 'System.String' is not defined or imported
C:\Users\Edgar\Projects\Test projects\buildtools\src\xunit.netcore.extensions\Discoverers\PlatformSpecificDiscoverer.cs(30,63): error CS0518: Predefined type 'System.Object' is not defined or imported
C:\Users\Edgar\Projects\Test projects\buildtools\src\xunit.netcore.extensions\Discoverers\PlatformSpecificDiscoverer.cs(30,88): error CS0518: Predefined type 'System.Object' is not defined or imported
C:\Users\Edgar\Projects\Test projects\buildtools\src\xunit.netcore.extensions\Discoverers\PlatformSpecificDiscoverer.cs(31,35): error CS0518: Predefined type 'System.Object' is not defined or imported
C:\Users\Edgar\Projects\Test projects\buildtools\src\xunit.netcore.extensions\Discoverers\PlatformSpecificDiscoverer.cs(31,27): error CS0518: Predefined type 'System.Enum' is not defined or imported
C:\Users\Edgar\Projects\Test projects\buildtools\src\xunit.netcore.extensions\Discoverers\PlatformSpecificDiscoverer.cs(31,27): error CS0518: Predefined type 'System.Object' is not defined or imported
C:\Users\Edgar\Projects\Test projects\buildtools\src\xunit.netcore.extensions\Discoverers\PlatformSpecificDiscoverer.cs(31,27): error CS1061: 'PlatformID' does not contain a definition for 'HasFlag' and no extension method 'HasFlag' accepting a first argument of type 'PlatformID' could be found (are you missing a using directive or an assembly reference?)
C:\Users\Edgar\Projects\Test projects\buildtools\src\xunit.netcore.extensions\Discoverers\PlatformSpecificDiscoverer.cs(31,17): error CS0518: Predefined type 'System.Object' is not defined or imported
C:\Users\Edgar\Projects\Test projects\buildtools\src\xunit.netcore.extensions\Discoverers\PlatformSpecificDiscoverer.cs(31,17): error CS0518: Predefined type 'System.Boolean' is not defined or imported
C:\Users\Edgar\Projects\Test projects\buildtools\src\xunit.netcore.extensions\Discoverers\PlatformSpecificDiscoverer.cs(32,34): error CS0518: Predefined type 'System.Object' is not defined or imported
C:\Users\Edgar\Projects\Test projects\buildtools\src\xunit.netcore.extensions\Discoverers\PlatformSpecificDiscoverer.cs(32,34): error CS0246: The type or namespace name 'KeyValuePair<string, string>' could not be found (are you missing a using directive or an assembly reference?)
C:\Users\Edgar\Projects\Test projects\buildtools\src\xunit.netcore.extensions\Discoverers\PlatformSpecificDiscoverer.cs(32,47): error CS0518: Predefined type 'System.String' is not defined or imported
C:\Users\Edgar\Projects\Test projects\buildtools\src\xunit.netcore.extensions\Discoverers\PlatformSpecificDiscoverer.cs(32,55): error CS0518: Predefined type 'System.String' is not defined or imported
C:\Users\Edgar\Projects\Test projects\buildtools\src\xunit.netcore.extensions\Discoverers\PlatformSpecificDiscoverer.cs(32,63): error CS0518: Predefined type 'System.Object' is not defined or imported
C:\Users\Edgar\Projects\Test projects\buildtools\src\xunit.netcore.extensions\Discoverers\PlatformSpecificDiscoverer.cs(32,88): error CS0518: Predefined type 'System.Object' is not defined or imported
C:\Users\Edgar\Projects\Test projects\buildtools\src\xunit.netcore.extensions\Discoverers\PlatformSpecificDiscoverer.cs(22,58): error CS1624: The body of 'PlatformSpecificDiscoverer.GetTraits(IAttributeInfo)' cannot be an iterator block because 'IEnumerable<KeyValuePair<string, string>>' is not an iterator interface type
C:\Users\Edgar\Projects\Test projects\buildtools\src\xunit.netcore.extensions\Discoverers\ActiveIssueDiscoverer.cs(26,13): error CS0518: Predefined type 'System.Object' is not defined or imported
C:\Users\Edgar\Projects\Test projects\buildtools\src\xunit.netcore.extensions\Discoverers\ActiveIssueDiscoverer.cs(26,13): error CS0246: The type or namespace name 'IEnumerable<object>' could not be found (are you missing a using directive or an assembly reference?)
C:\Users\Edgar\Projects\Test projects\buildtools\src\xunit.netcore.extensions\Discoverers\ActiveIssueDiscoverer.cs(26,25): error CS0518: Predefined type 'System.Object' is not defined or imported
C:\Users\Edgar\Projects\Test projects\buildtools\src\xunit.netcore.extensions\Discoverers\ActiveIssueDiscoverer.cs(27,46): error CS0518: Predefined type 'System.Int32' is not defined or imported
C:\Users\Edgar\Projects\Test projects\buildtools\src\xunit.netcore.extensions\Discoverers\ActiveIssueDiscoverer.cs(27,26): error CS0518: Predefined type 'System.Boolean' is not defined or imported
C:\Users\Edgar\Projects\Test projects\buildtools\src\xunit.netcore.extensions\Discoverers\ActiveIssueDiscoverer.cs(27,13): error CS0518: Predefined type 'System.Object' is not defined or imported
C:\Users\Edgar\Projects\Test projects\buildtools\src\xunit.netcore.extensions\Discoverers\ActiveIssueDiscoverer.cs(27,13): error CS0103: The name 'Debug' does not exist in the current context
C:\Users\Edgar\Projects\Test projects\buildtools\src\xunit.netcore.extensions\Discoverers\ActiveIssueDiscoverer.cs(29,13): error CS0518: Predefined type 'System.String' is not defined or imported
C:\Users\Edgar\Projects\Test projects\buildtools\src\xunit.netcore.extensions\Discoverers\ActiveIssueDiscoverer.cs(30,13): error CS0518: Predefined type 'System.Object' is not defined or imported
C:\Users\Edgar\Projects\Test projects\buildtools\src\xunit.netcore.extensions\Discoverers\ActiveIssueDiscoverer.cs(30,37): error CS0518: Predefined type 'System.Object' is not defined or imported
C:\Users\Edgar\Projects\Test projects\buildtools\src\xunit.netcore.extensions\Discoverers\ActiveIssueDiscoverer.cs(30,36): error CS0518: Predefined type 'System.Enum' is not defined or imported
C:\Users\Edgar\Projects\Test projects\buildtools\src\xunit.netcore.extensions\Discoverers\ActiveIssueDiscoverer.cs(31,36): error CS0518: Predefined type 'System.Object' is not defined or imported
C:\Users\Edgar\Projects\Test projects\buildtools\src\xunit.netcore.extensions\Discoverers\ActiveIssueDiscoverer.cs(31,28): error CS0518: Predefined type 'System.Enum' is not defined or imported
C:\Users\Edgar\Projects\Test projects\buildtools\src\xunit.netcore.extensions\Discoverers\ActiveIssueDiscoverer.cs(31,28): error CS0518: Predefined type 'System.Object' is not defined or imported
C:\Users\Edgar\Projects\Test projects\buildtools\src\xunit.netcore.extensions\Discoverers\ActiveIssueDiscoverer.cs(31,28): error CS1061: 'PlatformID' does not contain a definition for 'HasFlag' and no extension method 'HasFlag' accepting a first argument of type 'PlatformID' could be found (are you missing a using directive or an assembly reference?)
C:\Users\Edgar\Projects\Test projects\buildtools\src\xunit.netcore.extensions\Discoverers\ActiveIssueDiscoverer.cs(31,109): error CS0518: Predefined type 'System.String' is not defined or imported
C:\Users\Edgar\Projects\Test projects\buildtools\src\xunit.netcore.extensions\Discoverers\ActiveIssueDiscoverer.cs(31,91): error CS0518: Predefined type 'System.Object' is not defined or imported
C:\Users\Edgar\Projects\Test projects\buildtools\src\xunit.netcore.extensions\Discoverers\ActiveIssueDiscoverer.cs(31,91): error CS0103: The name 'OSPlatform' does not exist in the current context
C:\Users\Edgar\Projects\Test projects\buildtools\src\xunit.netcore.extensions\Discoverers\ActiveIssueDiscoverer.cs(31,59): error CS0518: Predefined type 'System.Object' is not defined or imported
C:\Users\Edgar\Projects\Test projects\buildtools\src\xunit.netcore.extensions\Discoverers\ActiveIssueDiscoverer.cs(31,59): error CS0103: The name 'RuntimeInformation' does not exist in the current context
C:\Users\Edgar\Projects\Test projects\buildtools\src\xunit.netcore.extensions\Discoverers\ActiveIssueDiscoverer.cs(32,36): error CS0518: Predefined type 'System.Object' is not defined or imported
C:\Users\Edgar\Projects\Test projects\buildtools\src\xunit.netcore.extensions\Discoverers\ActiveIssueDiscoverer.cs(32,28): error CS0518: Predefined type 'System.Enum' is not defined or imported
C:\Users\Edgar\Projects\Test projects\buildtools\src\xunit.netcore.extensions\Discoverers\ActiveIssueDiscoverer.cs(32,28): error CS0518: Predefined type 'System.Object' is not defined or imported
C:\Users\Edgar\Projects\Test projects\buildtools\src\xunit.netcore.extensions\Discoverers\ActiveIssueDiscoverer.cs(32,28): error CS1061: 'PlatformID' does not contain a definition for 'HasFlag' and no extension method 'HasFlag' accepting a first argument of type 'PlatformID' could be found (are you missing a using directive or an assembly reference?)
C:\Users\Edgar\Projects\Test projects\buildtools\src\xunit.netcore.extensions\Discoverers\ActiveIssueDiscoverer.cs(32,89): error CS0518: Predefined type 'System.Object' is not defined or imported
C:\Users\Edgar\Projects\Test projects\buildtools\src\xunit.netcore.extensions\Discoverers\ActiveIssueDiscoverer.cs(32,89): error CS0103: The name 'OSPlatform' does not exist in the current context
C:\Users\Edgar\Projects\Test projects\buildtools\src\xunit.netcore.extensions\Discoverers\ActiveIssueDiscoverer.cs(32,57): error CS0518: Predefined type 'System.Object' is not defined or imported
C:\Users\Edgar\Projects\Test projects\buildtools\src\xunit.netcore.extensions\Discoverers\ActiveIssueDiscoverer.cs(32,57): error CS0103: The name 'RuntimeInformation' does not exist in the current context
C:\Users\Edgar\Projects\Test projects\buildtools\src\xunit.netcore.extensions\Discoverers\ActiveIssueDiscoverer.cs(33,36): error CS0518: Predefined type 'System.Object' is not defined or imported
C:\Users\Edgar\Projects\Test projects\buildtools\src\xunit.netcore.extensions\Discoverers\ActiveIssueDiscoverer.cs(33,28): error CS0518: Predefined type 'System.Enum' is not defined or imported
C:\Users\Edgar\Projects\Test projects\buildtools\src\xunit.netcore.extensions\Discoverers\ActiveIssueDiscoverer.cs(33,28): error CS0518: Predefined type 'System.Object' is not defined or imported
C:\Users\Edgar\Projects\Test projects\buildtools\src\xunit.netcore.extensions\Discoverers\ActiveIssueDiscoverer.cs(33,28): error CS1061: 'PlatformID' does not contain a definition for 'HasFlag' and no extension method 'HasFlag' accepting a first argument of type 'PlatformID' could be found (are you missing a using directive or an assembly reference?)
C:\Users\Edgar\Projects\Test projects\buildtools\src\xunit.netcore.extensions\Discoverers\ActiveIssueDiscoverer.cs(33,87): error CS0518: Predefined type 'System.Object' is not defined or imported
C:\Users\Edgar\Projects\Test projects\buildtools\src\xunit.netcore.extensions\Discoverers\ActiveIssueDiscoverer.cs(33,87): error CS0103: The name 'OSPlatform' does not exist in the current context
C:\Users\Edgar\Projects\Test projects\buildtools\src\xunit.netcore.extensions\Discoverers\ActiveIssueDiscoverer.cs(33,55): error CS0518: Predefined type 'System.Object' is not defined or imported
C:\Users\Edgar\Projects\Test projects\buildtools\src\xunit.netcore.extensions\Discoverers\ActiveIssueDiscoverer.cs(33,55): error CS0103: The name 'RuntimeInformation' does not exist in the current context
C:\Users\Edgar\Projects\Test projects\buildtools\src\xunit.netcore.extensions\Discoverers\ActiveIssueDiscoverer.cs(34,36): error CS0518: Predefined type 'System.Object' is not defined or imported
C:\Users\Edgar\Projects\Test projects\buildtools\src\xunit.netcore.extensions\Discoverers\ActiveIssueDiscoverer.cs(34,28): error CS0518: Predefined type 'System.Enum' is not defined or imported
C:\Users\Edgar\Projects\Test projects\buildtools\src\xunit.netcore.extensions\Discoverers\ActiveIssueDiscoverer.cs(34,28): error CS0518: Predefined type 'System.Object' is not defined or imported
C:\Users\Edgar\Projects\Test projects\buildtools\src\xunit.netcore.extensions\Discoverers\ActiveIssueDiscoverer.cs(34,28): error CS1061: 'PlatformID' does not contain a definition for 'HasFlag' and no extension method 'HasFlag' accepting a first argument of type 'PlatformID' could be found (are you missing a using directive or an assembly reference?)
C:\Users\Edgar\Projects\Test projects\buildtools\src\xunit.netcore.extensions\Discoverers\ActiveIssueDiscoverer.cs(34,91): error CS0518: Predefined type 'System.Object' is not defined or imported
C:\Users\Edgar\Projects\Test projects\buildtools\src\xunit.netcore.extensions\Discoverers\ActiveIssueDiscoverer.cs(34,91): error CS0103: The name 'OSPlatform' does not exist in the current context
C:\Users\Edgar\Projects\Test projects\buildtools\src\xunit.netcore.extensions\Discoverers\ActiveIssueDiscoverer.cs(34,59): error CS0518: Predefined type 'System.Object' is not defined or imported
C:\Users\Edgar\Projects\Test projects\buildtools\src\xunit.netcore.extensions\Discoverers\ActiveIssueDiscoverer.cs(34,59): error CS0103: The name 'RuntimeInformation' does not exist in the current context
C:\Users\Edgar\Projects\Test projects\buildtools\src\xunit.netcore.extensions\Discoverers\ActiveIssueDiscoverer.cs(31,17): error CS0518: Predefined type 'System.Boolean' is not defined or imported
C:\Users\Edgar\Projects\Test projects\buildtools\src\xunit.netcore.extensions\Discoverers\ActiveIssueDiscoverer.cs(36,34): error CS0518: Predefined type 'System.Object' is not defined or imported
C:\Users\Edgar\Projects\Test projects\buildtools\src\xunit.netcore.extensions\Discoverers\ActiveIssueDiscoverer.cs(36,34): error CS0246: The type or namespace name 'KeyValuePair<string, string>' could not be found (are you missing a using directive or an assembly reference?)
C:\Users\Edgar\Projects\Test projects\buildtools\src\xunit.netcore.extensions\Discoverers\ActiveIssueDiscoverer.cs(36,47): error CS0518: Predefined type 'System.String' is not defined or imported
C:\Users\Edgar\Projects\Test projects\buildtools\src\xunit.netcore.extensions\Discoverers\ActiveIssueDiscoverer.cs(36,55): error CS0518: Predefined type 'System.String' is not defined or imported
C:\Users\Edgar\Projects\Test projects\buildtools\src\xunit.netcore.extensions\Discoverers\ActiveIssueDiscoverer.cs(36,63): error CS0518: Predefined type 'System.Object' is not defined or imported
C:\Users\Edgar\Projects\Test projects\buildtools\src\xunit.netcore.extensions\Discoverers\ActiveIssueDiscoverer.cs(36,88): error CS0518: Predefined type 'System.Object' is not defined or imported
C:\Users\Edgar\Projects\Test projects\buildtools\src\xunit.netcore.extensions\Discoverers\ActiveIssueDiscoverer.cs(37,34): error CS0518: Predefined type 'System.Object' is not defined or imported
C:\Users\Edgar\Projects\Test projects\buildtools\src\xunit.netcore.extensions\Discoverers\ActiveIssueDiscoverer.cs(37,34): error CS0246: The type or namespace name 'KeyValuePair<string, string>' could not be found (are you missing a using directive or an assembly reference?)
C:\Users\Edgar\Projects\Test projects\buildtools\src\xunit.netcore.extensions\Discoverers\ActiveIssueDiscoverer.cs(37,47): error CS0518: Predefined type 'System.String' is not defined or imported
C:\Users\Edgar\Projects\Test projects\buildtools\src\xunit.netcore.extensions\Discoverers\ActiveIssueDiscoverer.cs(37,55): error CS0518: Predefined type 'System.String' is not defined or imported
C:\Users\Edgar\Projects\Test projects\buildtools\src\xunit.netcore.extensions\Discoverers\ActiveIssueDiscoverer.cs(37,63): error CS0518: Predefined type 'System.Object' is not defined or imported
C:\Users\Edgar\Projects\Test projects\buildtools\src\xunit.netcore.extensions\Discoverers\ActiveIssueDiscoverer.cs(24,58): error CS1624: The body of 'ActiveIssueDiscoverer.GetTraits(IAttributeInfo)' cannot be an iterator block because 'IEnumerable<KeyValuePair<string, string>>' is not an iterator interface type
C:\Users\Edgar\Projects\Test projects\buildtools\src\xunit.netcore.extensions\Discoverers\ActiveIssueDiscoverer.cs(24,58): error CS1624: The body of 'ActiveIssueDiscoverer.GetTraits(IAttributeInfo)' cannot be an iterator block because 'IEnumerable<KeyValuePair<string, string>>' is not an iterator interface type
